
Showing logs for build [32mcb-kubecd-bdd-nh-1590514471-mas-zswdp-1[0m stage [32mfrom-build-pack[0m and container [32mstep-credential-initializer-v5pwh[0m
{"level":"info","ts":1590514567.5006518,"logger":"fallback-logger","caller":"logging/config.go:69","msg":"Fetch GitHub commit ID from kodata failed: open /var/run/ko/refs/heads/0.8.0-ns-support: no such file or directory"}
{"level":"info","ts":1590514567.5011604,"logger":"fallback-logger","caller":"creds-init/main.go:40","msg":"Credentials initialized."}

Showing logs for build [32mcb-kubecd-bdd-nh-1590514471-mas-zswdp-1[0m stage [32mfrom-build-pack[0m and container [32mstep-working-dir-initializer-8dsv5[0m
{"level":"info","ts":1590514568.4753623,"logger":"fallback-logger","caller":"logging/config.go:69","msg":"Fetch GitHub commit ID from kodata failed: open /var/run/ko/HEAD: no such file or directory"}
{"level":"info","ts":1590514568.4768302,"logger":"fallback-logger","caller":"bash/main.go:64","msg":"Successfully executed command \"sh -c mkdir -p /workspace/source\"; output "}

Showing logs for build [32mcb-kubecd-bdd-nh-1590514471-mas-zswdp-1[0m stage [32mfrom-build-pack[0m and container [32mstep-place-tools[0m

Showing logs for build [32mcb-kubecd-bdd-nh-1590514471-mas-zswdp-1[0m stage [32mfrom-build-pack[0m and container [32mstep-git-source-cb-kubecd-bdd-nh-1590514471-mas-zswdp-62dv8[0m
{"level":"info","ts":1590514575.7088058,"logger":"fallback-logger","caller":"logging/config.go:69","msg":"Fetch GitHub commit ID from kodata failed: open /var/run/ko/refs/heads/0.8.0-ns-support: no such file or directory"}
{"level":"info","ts":1590514576.8013208,"logger":"fallback-logger","caller":"git/git.go:103","msg":"Successfully cloned https://github.com/cb-kubecd/bdd-nh-1590514471.git @ v0.0.1 in path /workspace/source"}

Showing logs for build [32mcb-kubecd-bdd-nh-1590514471-mas-zswdp-1[0m stage [32mfrom-build-pack[0m and container [32mstep-git-merge[0m
Using SHAs from PULL_REFS=master:3849b8646905ca77c67f227544eb7640d42fdcc2
WARNING: no SHAs to merge, falling back to initial cloned commit

Showing logs for build [32mcb-kubecd-bdd-nh-1590514471-mas-zswdp-1[0m stage [32mfrom-build-pack[0m and container [32mstep-setup-jx-git-credentials[0m
Generated Git credentials file /workspace/xdg_config/git/credentials

Showing logs for build [32mcb-kubecd-bdd-nh-1590514471-mas-zswdp-1[0m stage [32mfrom-build-pack[0m and container [32mstep-build-npmrc[0m
Command "credential" is deprecated, it will be removed on Jun 1 2020.  This is replaced by Tekton's mounted secrets
WARNING: failed to find Secret npm-token in namespace **

Showing logs for build [32mcb-kubecd-bdd-nh-1590514471-mas-zswdp-1[0m stage [32mfrom-build-pack[0m and container [32mstep-build-npm-install[0m
npm notice created a lockfile as package-lock.json. You should commit this file.
npm WARN REPLACE_ME@1.0.0 No repository field.
npm WARN REPLACE_ME@1.0.0 No license field.

up to date in 0.424s
found 0 vulnerabilities


Showing logs for build [32mcb-kubecd-bdd-nh-1590514471-mas-zswdp-1[0m stage [32mfrom-build-pack[0m and container [32mstep-build-npm-test[0m

> REPLACE_ME@1.0.0 test /workspace/source
> echo "no test specified" && exit 0

no test specified

Showing logs for build [32mcb-kubecd-bdd-nh-1590514471-mas-zswdp-1[0m stage [32mfrom-build-pack[0m and container [32mstep-build-container-build[0m
E0526 17:36:21.480732      10 aws_credentials.go:77] while getting AWS credentials NoCredentialProviders: no valid providers in chain. Deprecated.
	For verbose messaging see aws.Config.CredentialsChainVerboseErrors
[36mINFO[0m[0001] Using dockerignore file: /workspace/source/.dockerignore 
[36mINFO[0m[0001] Retrieving image manifest node:9-slim        
E0526 17:36:21.853020      10 metadata.go:154] while reading 'google-dockercfg' metadata: http status code: 404 while fetching url http://metadata.google.internal./computeMetadata/v1/instance/attributes/google-dockercfg
E0526 17:36:21.855927      10 metadata.go:166] while reading 'google-dockercfg-url' metadata: http status code: 404 while fetching url http://metadata.google.internal./computeMetadata/v1/instance/attributes/google-dockercfg-url
[36mINFO[0m[0002] Retrieving image manifest node:9-slim        
[36mINFO[0m[0003] Built cross stage deps: map[]                
[36mINFO[0m[0003] Retrieving image manifest node:9-slim        
[36mINFO[0m[0004] Retrieving image manifest node:9-slim        
[36mINFO[0m[0004] Executing 0 build triggers                   
[36mINFO[0m[0004] cmd: EXPOSE                                  
[36mINFO[0m[0004] Adding exposed port: 8080/tcp                
[36mINFO[0m[0004] Checking for cached layer gcr.io/jenkins-x-bdd3/cache:99784ff33f7d7d020f7f73c5f18aabd7e6930c09a2edf235142dd2375ec05755... 
[36mINFO[0m[0005] No cached layer found for cmd COPY . .       
[36mINFO[0m[0005] Unpacking rootfs as cmd COPY . . requires it. 
[36mINFO[0m[0010] ENV PORT 8080                                
[36mINFO[0m[0010] No files changed in this command, skipping snapshotting. 
[36mINFO[0m[0010] EXPOSE 8080                                  
[36mINFO[0m[0010] cmd: EXPOSE                                  
[36mINFO[0m[0010] Adding exposed port: 8080/tcp                
[36mINFO[0m[0010] No files changed in this command, skipping snapshotting. 
[36mINFO[0m[0010] WORKDIR /usr/src/app                         
[36mINFO[0m[0010] cmd: workdir                                 
[36mINFO[0m[0010] Changed working directory to /usr/src/app    
[36mINFO[0m[0010] Creating directory /usr/src/app              
[36mINFO[0m[0010] Resolving 1 paths                            
[36mINFO[0m[0010] Taking snapshot of files...                  
[36mINFO[0m[0010] COPY . .                                     
[36mINFO[0m[0010] Resolving 128 paths                          
[36mINFO[0m[0010] Taking snapshot of files...                  
[36mINFO[0m[0011] Pushing layer gcr.io/jenkins-x-bdd3/cache:99784ff33f7d7d020f7f73c5f18aabd7e6930c09a2edf235142dd2375ec05755 to cache now 
[36mINFO[0m[0011] CMD ["npm", "start"]                         
[36mINFO[0m[0011] No files changed in this command, skipping snapshotting. 

Showing logs for build [32mcb-kubecd-bdd-nh-1590514471-mas-zswdp-1[0m stage [32mfrom-build-pack[0m and container [32mstep-build-post-build[0m
no CVE provider running in the current ** namespace so skip adding image to be analysed

Showing logs for build [32mcb-kubecd-bdd-nh-1590514471-mas-zswdp-1[0m stage [32mfrom-build-pack[0m and container [32mstep-promote-changelog[0m
Converted /workspace/source/charts/bdd-nh-1590514471 to an unshallow repository
Generating change log from git ref 328806604e54978a546a346aea73eb9a47362058 => 6c98946ebbeeb123d3c54954ed7319d1b4a8fb23
WARNING: Failed to enrich commit 3849b8646905ca77c67f227544eb7640d42fdcc2 with issues: users.jenkins.io "x-0" already exists
WARNING: Failed to enrich commit 3849b8646905ca77c67f227544eb7640d42fdcc2 with issues: users.jenkins.io "x-0" already exists
Finding issues in commit messages using git format
WARNING: No release found for cb-kubecd/bdd-nh-1590514471 and tag v0.0.1 so creating a new release
Updated the release information at https://github.com/cb-kubecd/bdd-nh-1590514471/releases/tag/v0.0.1
generated: /workspace/source/charts/bdd-nh-1590514471/templates/release.yaml
Created Release bdd-nh-1590514471-0-0-1 resource in namespace **
Updating PipelineActivity cb-kubecd-bdd-nh-1590514471-master-1 with version 0.0.1
Updated PipelineActivities cb-kubecd-bdd-nh-1590514471-master-1 with release notes URL: https://github.com/cb-kubecd/bdd-nh-1590514471/releases/tag/v0.0.1

Showing logs for build [32mcb-kubecd-bdd-nh-1590514471-mas-zswdp-1[0m stage [32mfrom-build-pack[0m and container [32mstep-promote-helm-release[0m
WARNING: No $CHART_REPOSITORY defined so using the default value of: http://jenkins-x-chartmuseum:8080
Adding missing Helm repo: storage.googleapis.com https://storage.googleapis.com/chartmuseum.jenkins-x.io
WARNING: No secrets found on "helm/repos" due: reading the secret "helm/repos" from vault: no secret "helm/repos" not found in vault
Read credentials for https://storage.googleapis.com/chartmuseum.jenkins-x.io from vault helm/repos
Successfully added Helm repository storage.googleapis.com.
Adding missing Helm repo: jenkins-x-chartmuseum http://jenkins-x-chartmuseum:8080
WARNING: No secrets found on "helm/repos" due: reading the secret "helm/repos" from vault: no secret "helm/repos" not found in vault
Read credentials for http://jenkins-x-chartmuseum:8080 from vault helm/repos
Successfully added Helm repository jenkins-x-chartmuseum.
WARNING: No $CHART_REPOSITORY defined so using the default value of: http://jenkins-x-chartmuseum:8080
Uploading chart file bdd-nh-1590514471-0.0.1.tgz to http://jenkins-x-chartmuseum:8080/api/charts
Received 201 response: {"saved":true}

Showing logs for build [32mcb-kubecd-bdd-nh-1590514471-mas-zswdp-1[0m stage [32mfrom-build-pack[0m and container [32mstep-promote-jx-promote[0m
WARNING: prow based install so skip waiting for the merge of Pull Requests to go green as currently there is an issue with gettingstatuses from the PR, see https://github.com/jenkins-x/**/issues/2410
WARNING: No $CHART_REPOSITORY defined so using the default value of: http://jenkins-x-chartmuseum:8080
Promoting app bdd-nh-1590514471 version 0.0.1 to namespace **-staging
Created Pull Request: https://github.com/cb-kubecd/environment-pr-1491-72-bdd-frontend-staging/pull/6
Added label updatebot to Pull Request https://github.com/cb-kubecd/environment-pr-1491-72-bdd-frontend-staging/pull/6
got git provider status pending from PR https://github.com/cb-kubecd/environment-pr-1491-72-bdd-frontend-staging/pull/6
got git provider status pending from PR https://github.com/cb-kubecd/environment-pr-1491-72-bdd-frontend-staging/pull/6
got git provider status pending from PR https://github.com/cb-kubecd/environment-pr-1491-72-bdd-frontend-staging/pull/6
got git provider status pending from PR https://github.com/cb-kubecd/environment-pr-1491-72-bdd-frontend-staging/pull/6
got git provider status pending from PR https://github.com/cb-kubecd/environment-pr-1491-72-bdd-frontend-staging/pull/6
Pull Request https://github.com/cb-kubecd/environment-pr-1491-72-bdd-frontend-staging/pull/6 is merged at sha 71b487991972e21f86dffe546e067c857253c7d3
Pull Request merged but we are not waiting for the update pipeline to complete!
WARNING: Could not find the service URL in namespace **-staging for names bdd-nh-1590514471, **-bdd-nh-1590514471, **-staging-bdd-nh-1590514471
